<?xml version="1.0" encoding="UTF-8"?>
<testng-results ignored="0" total="1" passed="1" failed="0" skipped="0">
  <reporter-output>
  </reporter-output>
  <suite started-at="2025-12-17T16:31:43 IST" name="Default suite" finished-at="2025-12-17T16:31:43 IST" duration-ms="216">
    <groups>
    </groups>
    <test started-at="2025-12-17T16:31:43 IST" name="Default test" finished-at="2025-12-17T16:31:43 IST" duration-ms="216">
      <class name="tests.ic.crud.userLogin">
        <test-method signature="validUserLogin()[pri:0, instance:tests.ic.crud.userLogin@ab7395e]" started-at="2025-12-17T16:31:43 IST" name="validUserLogin" finished-at="2025-12-17T16:31:43 IST" duration-ms="82" status="PASS">
          <reporter-output>
          </reporter-output>
        </test-method> <!-- validUserLogin -->
      </class> <!-- tests.ic.crud.userLogin -->
    </test> <!-- Default test -->
  </suite> <!-- Default suite -->
</testng-results>
